# JRE version: Java(TM) SE Runtime Environment (8.0_25-b18) (build 1.8.0_25-b18)
# Java VM: Java HotSpot(TM) 64-Bit Server VM (25.25-b02 mixed mode windows-amd64 compressed oops)
Heap:
 PSYoungGen      total 392704K, used 114537K [0x00000000e0980000, 0x00000000fdd80000, 0x0000000100000000)
  eden space 364032K, 23% used [0x00000000e0980000,0x00000000e5d5ebc8,0x00000000f6d00000)
  from space 28672K, 99% used [0x00000000f6d00000,0x00000000f88fb880,0x00000000f8900000)
  to   space 40960K, 0% used [0x00000000fb580000,0x00000000fb580000,0x00000000fdd80000)
 ParOldGen       total 186880K, used 126959K [0x00000000a1c00000, 0x00000000ad280000, 0x00000000e0980000)
  object space 186880K, 67% used [0x00000000a1c00000,0x00000000a97fbcb8,0x00000000ad280000)
 Metaspace       used 38411K, capacity 38641K, committed 39040K, reserved 1083392K
  class space    used 4796K, capacity 4900K, committed 4992K, reserved 1048576K
GC Heap History (10 events):
Event: 25.362 GC heap before
{Heap before GC invocations=20 (full 3):
 PSYoungGen      total 324608K, used 299381K [0x00000000e0980000, 0x00000000f6f00000, 0x0000000100000000)
  eden space 297984K, 100% used [0x00000000e0980000,0x00000000f2c80000,0x00000000f2c80000)
  from space 26624K, 5% used [0x00000000f4d80000,0x00000000f4edd520,0x00000000f6780000)
  to   space 33792K, 0% used [0x00000000f2c80000,0x00000000f2c80000,0x00000000f4d80000)
 ParOldGen       total 186880K, used 101887K [0x00000000a1c00000, 0x00000000ad280000, 0x00000000e0980000)
  object space 186880K, 54% used [0x00000000a1c00000,0x00000000a7f7ff40,0x00000000ad280000)
 Metaspace       used 34828K, capacity 35101K, committed 35456K, reserved 1081344K
  class space    used 4366K, capacity 4447K, committed 4480K, reserved 1048576K
Event: 25.409 GC heap after
Heap after GC invocations=20 (full 3):
 PSYoungGen      total 331776K, used 15134K [0x00000000e0980000, 0x00000000fa180000, 0x0000000100000000)
  eden space 297984K, 0% used [0x00000000e0980000,0x00000000e0980000,0x00000000f2c80000)
  from space 33792K, 44% used [0x00000000f2c80000,0x00000000f3b47908,0x00000000f4d80000)
  to   space 31744K, 0% used [0x00000000f8280000,0x00000000f8280000,0x00000000fa180000)
 ParOldGen       total 186880K, used 103361K [0x00000000a1c00000, 0x00000000ad280000, 0x00000000e0980000)
  object space 186880K, 55% used [0x00000000a1c00000,0x00000000a80f06b8,0x00000000ad280000)
 Metaspace       used 34828K, capacity 35101K, committed 35456K, reserved 1081344K
  class space    used 4366K, capacity 4447K, committed 4480K, reserved 1048576K
}
Event: 28.504 GC heap before
{Heap before GC invocations=21 (full 3):
 PSYoungGen      total 331776K, used 313118K [0x00000000e0980000, 0x00000000fa180000, 0x0000000100000000)
  eden space 297984K, 100% used [0x00000000e0980000,0x00000000f2c80000,0x00000000f2c80000)
  from space 33792K, 44% used [0x00000000f2c80000,0x00000000f3b47908,0x00000000f4d80000)
  to   space 31744K, 0% used [0x00000000f8280000,0x00000000f8280000,0x00000000fa180000)
 ParOldGen       total 186880K, used 103361K [0x00000000a1c00000, 0x00000000ad280000, 0x00000000e0980000)
  object space 186880K, 55% used [0x00000000a1c00000,0x00000000a80f06b8,0x00000000ad280000)
 Metaspace       used 35844K, capacity 36067K, committed 36352K, reserved 1081344K
  class space    used 4464K, capacity 4512K, committed 4608K, reserved 1048576K
Event: 28.525 GC heap after
Heap after GC invocations=21 (full 3):
 PSYoungGen      total 345600K, used 14268K [0x00000000e0980000, 0x00000000f9080000, 0x0000000100000000)
  eden space 331264K, 0% used [0x00000000e0980000,0x00000000e0980000,0x00000000f4d00000)
  from space 14336K, 99% used [0x00000000f8280000,0x00000000f906f088,0x00000000f9080000)
  to   space 30208K, 0% used [0x00000000f5580000,0x00000000f5580000,0x00000000f7300000)
 ParOldGen       total 186880K, used 103369K [0x00000000a1c00000, 0x00000000ad280000, 0x00000000e0980000)
  object space 186880K, 55% used [0x00000000a1c00000,0x00000000a80f26b8,0x00000000ad280000)
 Metaspace       used 35844K, capacity 36067K, committed 36352K, reserved 1081344K
  class space    used 4464K, capacity 4512K, committed 4608K, reserved 1048576K
}
Event: 31.769 GC heap before
{Heap before GC invocations=22 (full 3):
 PSYoungGen      total 345600K, used 345532K [0x00000000e0980000, 0x00000000f9080000, 0x0000000100000000)
  eden space 331264K, 100% used [0x00000000e0980000,0x00000000f4d00000,0x00000000f4d00000)
  from space 14336K, 99% used [0x00000000f8280000,0x00000000f906f088,0x00000000f9080000)
  to   space 30208K, 0% used [0x00000000f5580000,0x00000000f5580000,0x00000000f7300000)
 ParOldGen       total 186880K, used 103369K [0x00000000a1c00000, 0x00000000ad280000, 0x00000000e0980000)
  object space 186880K, 55% used [0x00000000a1c00000,0x00000000a80f26b8,0x00000000ad280000)
 Metaspace       used 36045K, capacity 36265K, committed 36608K, reserved 1081344K
  class space    used 4465K, capacity 4513K, committed 4608K, reserved 1048576K
Event: 31.783 GC heap after
Heap after GC invocations=22 (full 3):
 PSYoungGen      total 370176K, used 15562K [0x00000000e0980000, 0x00000000fa580000, 0x0000000100000000)
  eden space 339968K, 0% used [0x00000000e0980000,0x00000000e0980000,0x00000000f5580000)
  from space 30208K, 51% used [0x00000000f5580000,0x00000000f64b2a38,0x00000000f7300000)
  to   space 29184K, 0% used [0x00000000f8900000,0x00000000f8900000,0x00000000fa580000)
 ParOldGen       total 186880K, used 103377K [0x00000000a1c00000, 0x00000000ad280000, 0x00000000e0980000)
  object space 186880K, 55% used [0x00000000a1c00000,0x00000000a80f46b8,0x00000000ad280000)
 Metaspace       used 36045K, capacity 36265K, committed 36608K, reserved 1081344K
  class space    used 4465K, capacity 4513K, committed 4608K, reserved 1048576K
}
Event: 35.742 GC heap before
{Heap before GC invocations=23 (full 3):
 PSYoungGen      total 370176K, used 355530K [0x00000000e0980000, 0x00000000fa580000, 0x0000000100000000)
  eden space 339968K, 100% used [0x00000000e0980000,0x00000000f5580000,0x00000000f5580000)
  from space 30208K, 51% used [0x00000000f5580000,0x00000000f64b2a38,0x00000000f7300000)
  to   space 29184K, 0% used [0x00000000f8900000,0x00000000f8900000,0x00000000fa580000)
 ParOldGen       total 186880K, used 103377K [0x00000000a1c00000, 0x00000000ad280000, 0x00000000e0980000)
  object space 186880K, 55% used [0x00000000a1c00000,0x00000000a80f46b8,0x00000000ad280000)
 Metaspace       used 36066K, capacity 36265K, committed 36608K, reserved 1081344K
  class space    used 4466K, capacity 4513K, committed 4608K, reserved 1048576K
Event: 35.762 GC heap after
Heap after GC invocations=23 (full 3):
 PSYoungGen      total 393216K, used 18474K [0x00000000e0980000, 0x00000000faa00000, 0x0000000100000000)
  eden space 364032K, 0% used [0x00000000e0980000,0x00000000e0980000,0x00000000f6d00000)
  from space 29184K, 63% used [0x00000000f8900000,0x00000000f9b0ab20,0x00000000fa580000)
  to   space 28672K, 0% used [0x00000000f6d00000,0x00000000f6d00000,0x00000000f8900000)
 ParOldGen       total 186880K, used 103385K [0x00000000a1c00000, 0x00000000ad280000, 0x00000000e0980000)
  object space 186880K, 55% used [0x00000000a1c00000,0x00000000a80f66b8,0x00000000ad280000)
 Metaspace       used 36066K, capacity 36265K, committed 36608K, reserved 1081344K
  class space    used 4466K, capacity 4513K, committed 4608K, reserved 1048576K
}
Event: 39.503 GC heap before
{Heap before GC invocations=24 (full 3):
 PSYoungGen      total 393216K, used 382506K [0x00000000e0980000, 0x00000000faa00000, 0x0000000100000000)
  eden space 364032K, 100% used [0x00000000e0980000,0x00000000f6d00000,0x00000000f6d00000)
  from space 29184K, 63% used [0x00000000f8900000,0x00000000f9b0ab20,0x00000000fa580000)
  to   space 28672K, 0% used [0x00000000f6d00000,0x00000000f6d00000,0x00000000f8900000)
 ParOldGen       total 186880K, used 103385K [0x00000000a1c00000, 0x00000000ad280000, 0x00000000e0980000)
  object space 186880K, 55% used [0x00000000a1c00000,0x00000000a80f66b8,0x00000000ad280000)
 Metaspace       used 37676K, capacity 37929K, committed 38400K, reserved 1083392K
  class space    used 4648K, capacity 4769K, committed 4864K, reserved 1048576K
Event: 39.557 GC heap after
Heap after GC invocations=24 (full 3):
 PSYoungGen      total 392704K, used 28654K [0x00000000e0980000, 0x00000000fdd80000, 0x0000000100000000)
  eden space 364032K, 0% used [0x00000000e0980000,0x00000000e0980000,0x00000000f6d00000)
  from space 28672K, 99% used [0x00000000f6d00000,0x00000000f88fb880,0x00000000f8900000)
  to   space 40960K, 0% used [0x00000000fb580000,0x00000000fb580000,0x00000000fdd80000)
 ParOldGen       total 186880K, used 126959K [0x00000000a1c00000, 0x00000000ad280000, 0x00000000e0980000)
  object space 186880K, 67% used [0x00000000a1c00000,0x00000000a97fbcb8,0x00000000ad280000)
 Metaspace       used 37676K, capacity 37929K, committed 38400K, reserved 1083392K
  class space    used 4648K, capacity 4769K, committed 4864K, reserved 1048576K
}

