# JRE version: Java(TM) SE Runtime Environment (8.0_25-b18) (build 1.8.0_25-b18)
# Java VM: Java HotSpot(TM) 64-Bit Server VM (25.25-b02 mixed mode windows-amd64 compressed oops)
Heap:
 PSYoungGen      total 449536K, used 207313K [0x00000000e0980000, 0x0000000100000000, 0x0000000100000000)
  eden space 421376K, 42% used [0x00000000e0980000,0x00000000eb875a80,0x00000000fa500000)
  from space 28160K, 99% used [0x00000000fca80000,0x00000000fe5feae0,0x00000000fe600000)
  to   space 38400K, 0% used [0x00000000fa500000,0x00000000fa500000,0x00000000fca80000)
 ParOldGen       total 177152K, used 119945K [0x00000000a1c00000, 0x00000000ac900000, 0x00000000e0980000)
  object space 177152K, 67% used [0x00000000a1c00000,0x00000000a9122748,0x00000000ac900000)
 Metaspace       used 38434K, capacity 38769K, committed 39296K, reserved 1083392K
  class space    used 4796K, capacity 4900K, committed 4992K, reserved 1048576K
GC Heap History (10 events):
Event: 24.830 GC heap before
{Heap before GC invocations=19 (full 3):
 PSYoungGen      total 367616K, used 22521K [0x00000000e0980000, 0x00000000f9980000, 0x0000000100000000)
  eden space 345088K, 0% used [0x00000000e0980000,0x00000000e0980000,0x00000000f5a80000)
  from space 22528K, 99% used [0x00000000f7900000,0x00000000f8efe560,0x00000000f8f00000)
  to   space 31232K, 0% used [0x00000000f5a80000,0x00000000f5a80000,0x00000000f7900000)
 ParOldGen       total 98304K, used 89657K [0x00000000a1c00000, 0x00000000a7c00000, 0x00000000e0980000)
  object space 98304K, 91% used [0x00000000a1c00000,0x00000000a738e708,0x00000000a7c00000)
 Metaspace       used 31951K, capacity 32179K, committed 32512K, reserved 1077248K
  class space    used 3999K, capacity 4054K, committed 4096K, reserved 1048576K
Event: 25.330 GC heap after
Heap after GC invocations=19 (full 3):
 PSYoungGen      total 367616K, used 7533K [0x00000000e0980000, 0x00000000f9980000, 0x0000000100000000)
  eden space 345088K, 0% used [0x00000000e0980000,0x00000000e0980000,0x00000000f5a80000)
  from space 22528K, 33% used [0x00000000f7900000,0x00000000f805b568,0x00000000f8f00000)
  to   space 31232K, 0% used [0x00000000f5a80000,0x00000000f5a80000,0x00000000f7900000)
 ParOldGen       total 177152K, used 98197K [0x00000000a1c00000, 0x00000000ac900000, 0x00000000e0980000)
  object space 177152K, 55% used [0x00000000a1c00000,0x00000000a7be56e8,0x00000000ac900000)
 Metaspace       used 31951K, capacity 32179K, committed 32512K, reserved 1077248K
  class space    used 3999K, capacity 4054K, committed 4096K, reserved 1048576K
}
Event: 39.993 GC heap before
{Heap before GC invocations=20 (full 3):
 PSYoungGen      total 367616K, used 347177K [0x00000000e0980000, 0x00000000f9980000, 0x0000000100000000)
  eden space 345088K, 98% used [0x00000000e0980000,0x00000000f552ef20,0x00000000f5a80000)
  from space 22528K, 33% used [0x00000000f7900000,0x00000000f805b568,0x00000000f8f00000)
  to   space 31232K, 0% used [0x00000000f5a80000,0x00000000f5a80000,0x00000000f7900000)
 ParOldGen       total 177152K, used 98197K [0x00000000a1c00000, 0x00000000ac900000, 0x00000000e0980000)
  object space 177152K, 55% used [0x00000000a1c00000,0x00000000a7be56e8,0x00000000ac900000)
 Metaspace       used 35057K, capacity 35267K, committed 35456K, reserved 1081344K
  class space    used 4384K, capacity 4480K, committed 4480K, reserved 1048576K
Event: 40.036 GC heap after
Heap after GC invocations=20 (full 3):
 PSYoungGen      total 376320K, used 10688K [0x00000000e0980000, 0x00000000fdc80000, 0x0000000100000000)
  eden space 345088K, 0% used [0x00000000e0980000,0x00000000e0980000,0x00000000f5a80000)
  from space 31232K, 34% used [0x00000000f5a80000,0x00000000f64f0368,0x00000000f7900000)
  to   space 30208K, 0% used [0x00000000fbf00000,0x00000000fbf00000,0x00000000fdc80000)
 ParOldGen       total 177152K, used 101312K [0x00000000a1c00000, 0x00000000ac900000, 0x00000000e0980000)
  object space 177152K, 57% used [0x00000000a1c00000,0x00000000a7ef03a0,0x00000000ac900000)
 Metaspace       used 35057K, capacity 35267K, committed 35456K, reserved 1081344K
  class space    used 4384K, capacity 4480K, committed 4480K, reserved 1048576K
}
Event: 43.354 GC heap before
{Heap before GC invocations=21 (full 3):
 PSYoungGen      total 376320K, used 355776K [0x00000000e0980000, 0x00000000fdc80000, 0x0000000100000000)
  eden space 345088K, 100% used [0x00000000e0980000,0x00000000f5a80000,0x00000000f5a80000)
  from space 31232K, 34% used [0x00000000f5a80000,0x00000000f64f0368,0x00000000f7900000)
  to   space 30208K, 0% used [0x00000000fbf00000,0x00000000fbf00000,0x00000000fdc80000)
 ParOldGen       total 177152K, used 101312K [0x00000000a1c00000, 0x00000000ac900000, 0x00000000e0980000)
  object space 177152K, 57% used [0x00000000a1c00000,0x00000000a7ef03a0,0x00000000ac900000)
 Metaspace       used 36026K, capacity 36201K, committed 36608K, reserved 1081344K
  class space    used 4465K, capacity 4513K, committed 4608K, reserved 1048576K
Event: 43.371 GC heap after
Heap after GC invocations=21 (full 3):
 PSYoungGen      total 403456K, used 14974K [0x00000000e0980000, 0x00000000fce00000, 0x0000000100000000)
  eden space 388096K, 0% used [0x00000000e0980000,0x00000000e0980000,0x00000000f8480000)
  from space 15360K, 97% used [0x00000000fbf00000,0x00000000fcd9f820,0x00000000fce00000)
  to   space 28672K, 0% used [0x00000000f9600000,0x00000000f9600000,0x00000000fb200000)
 ParOldGen       total 177152K, used 101320K [0x00000000a1c00000, 0x00000000ac900000, 0x00000000e0980000)
  object space 177152K, 57% used [0x00000000a1c00000,0x00000000a7ef23a0,0x00000000ac900000)
 Metaspace       used 36026K, capacity 36201K, committed 36608K, reserved 1081344K
  class space    used 4465K, capacity 4513K, committed 4608K, reserved 1048576K
}
Event: 46.619 GC heap before
{Heap before GC invocations=22 (full 3):
 PSYoungGen      total 403456K, used 403070K [0x00000000e0980000, 0x00000000fce00000, 0x0000000100000000)
  eden space 388096K, 100% used [0x00000000e0980000,0x00000000f8480000,0x00000000f8480000)
  from space 15360K, 97% used [0x00000000fbf00000,0x00000000fcd9f820,0x00000000fce00000)
  to   space 28672K, 0% used [0x00000000f9600000,0x00000000f9600000,0x00000000fb200000)
 ParOldGen       total 177152K, used 101320K [0x00000000a1c00000, 0x00000000ac900000, 0x00000000e0980000)
  object space 177152K, 57% used [0x00000000a1c00000,0x00000000a7ef23a0,0x00000000ac900000)
 Metaspace       used 36061K, capacity 36265K, committed 36608K, reserved 1081344K
  class space    used 4465K, capacity 4513K, committed 4608K, reserved 1048576K
Event: 46.638 GC heap after
Heap after GC invocations=22 (full 3):
 PSYoungGen      total 434688K, used 15484K [0x00000000e0980000, 0x00000000fe600000, 0x0000000100000000)
  eden space 406016K, 0% used [0x00000000e0980000,0x00000000e0980000,0x00000000f9600000)
  from space 28672K, 54% used [0x00000000f9600000,0x00000000fa51f200,0x00000000fb200000)
  to   space 28160K, 0% used [0x00000000fca80000,0x00000000fca80000,0x00000000fe600000)
 ParOldGen       total 177152K, used 101328K [0x00000000a1c00000, 0x00000000ac900000, 0x00000000e0980000)
  object space 177152K, 57% used [0x00000000a1c00000,0x00000000a7ef43a0,0x00000000ac900000)
 Metaspace       used 36061K, capacity 36265K, committed 36608K, reserved 1081344K
  class space    used 4465K, capacity 4513K, committed 4608K, reserved 1048576K
}
Event: 51.662 GC heap before
{Heap before GC invocations=23 (full 3):
 PSYoungGen      total 434688K, used 421500K [0x00000000e0980000, 0x00000000fe600000, 0x0000000100000000)
  eden space 406016K, 100% used [0x00000000e0980000,0x00000000f9600000,0x00000000f9600000)
  from space 28672K, 54% used [0x00000000f9600000,0x00000000fa51f200,0x00000000fb200000)
  to   space 28160K, 0% used [0x00000000fca80000,0x00000000fca80000,0x00000000fe600000)
 ParOldGen       total 177152K, used 101328K [0x00000000a1c00000, 0x00000000ac900000, 0x00000000e0980000)
  object space 177152K, 57% used [0x00000000a1c00000,0x00000000a7ef43a0,0x00000000ac900000)
 Metaspace       used 36768K, capacity 37033K, committed 37504K, reserved 1081344K
  class space    used 4529K, capacity 4641K, committed 4736K, reserved 1048576K
Event: 51.726 GC heap after
Heap after GC invocations=23 (full 3):
 PSYoungGen      total 449536K, used 28154K [0x00000000e0980000, 0x0000000100000000, 0x0000000100000000)
  eden space 421376K, 0% used [0x00000000e0980000,0x00000000e0980000,0x00000000fa500000)
  from space 28160K, 99% used [0x00000000fca80000,0x00000000fe5feae0,0x00000000fe600000)
  to   space 38400K, 0% used [0x00000000fa500000,0x00000000fa500000,0x00000000fca80000)
 ParOldGen       total 177152K, used 119945K [0x00000000a1c00000, 0x00000000ac900000, 0x00000000e0980000)
  object space 177152K, 67% used [0x00000000a1c00000,0x00000000a9122748,0x00000000ac900000)
 Metaspace       used 36768K, capacity 37033K, committed 37504K, reserved 1081344K
  class space    used 4529K, capacity 4641K, committed 4736K, reserved 1048576K
}

