# JRE version: Java(TM) SE Runtime Environment (8.0_25-b18) (build 1.8.0_25-b18)
# Java VM: Java HotSpot(TM) 64-Bit Server VM (25.25-b02 mixed mode windows-amd64 compressed oops)
Heap:
 PSYoungGen      total 432640K, used 232274K [0x00000000e0980000, 0x00000000ff880000, 0x0000000100000000)
  eden space 404992K, 50% used [0x00000000e0980000,0x00000000ed15b168,0x00000000f9500000)
  from space 27648K, 99% used [0x00000000fba00000,0x00000000fd4f9888,0x00000000fd500000)
  to   space 37888K, 0% used [0x00000000f9500000,0x00000000f9500000,0x00000000fba00000)
 ParOldGen       total 179200K, used 118063K [0x00000000a1c00000, 0x00000000acb00000, 0x00000000e0980000)
  object space 179200K, 65% used [0x00000000a1c00000,0x00000000a8f4be10,0x00000000acb00000)
 Metaspace       used 38422K, capacity 38705K, committed 39040K, reserved 1083392K
  class space    used 4796K, capacity 4900K, committed 4992K, reserved 1048576K
GC Heap History (10 events):
Event: 27.194 GC heap before
{Heap before GC invocations=19 (full 3):
 PSYoungGen      total 362496K, used 23030K [0x00000000e0980000, 0x00000000f9480000, 0x0000000100000000)
  eden space 339456K, 0% used [0x00000000e0980000,0x00000000e0980000,0x00000000f5500000)
  from space 23040K, 99% used [0x00000000f7380000,0x00000000f89fd830,0x00000000f8a00000)
  to   space 31232K, 0% used [0x00000000f5500000,0x00000000f5500000,0x00000000f7380000)
 ParOldGen       total 98816K, used 88796K [0x00000000a1c00000, 0x00000000a7c80000, 0x00000000e0980000)
  object space 98816K, 89% used [0x00000000a1c00000,0x00000000a72b7300,0x00000000a7c80000)
 Metaspace       used 31945K, capacity 32179K, committed 32512K, reserved 1077248K
  class space    used 3995K, capacity 4054K, committed 4096K, reserved 1048576K
Event: 27.709 GC heap after
Heap after GC invocations=19 (full 3):
 PSYoungGen      total 362496K, used 7024K [0x00000000e0980000, 0x00000000f9480000, 0x0000000100000000)
  eden space 339456K, 0% used [0x00000000e0980000,0x00000000e0980000,0x00000000f5500000)
  from space 23040K, 30% used [0x00000000f7380000,0x00000000f7a5c1a8,0x00000000f8a00000)
  to   space 31232K, 0% used [0x00000000f5500000,0x00000000f5500000,0x00000000f7380000)
 ParOldGen       total 179200K, used 98362K [0x00000000a1c00000, 0x00000000acb00000, 0x00000000e0980000)
  object space 179200K, 54% used [0x00000000a1c00000,0x00000000a7c0e9a0,0x00000000acb00000)
 Metaspace       used 31945K, capacity 32179K, committed 32512K, reserved 1077248K
  class space    used 3995K, capacity 4054K, committed 4096K, reserved 1048576K
}
Event: 41.132 GC heap before
{Heap before GC invocations=20 (full 3):
 PSYoungGen      total 362496K, used 345599K [0x00000000e0980000, 0x00000000f9480000, 0x0000000100000000)
  eden space 339456K, 99% used [0x00000000e0980000,0x00000000f5423a90,0x00000000f5500000)
  from space 23040K, 30% used [0x00000000f7380000,0x00000000f7a5c1a8,0x00000000f8a00000)
  to   space 31232K, 0% used [0x00000000f5500000,0x00000000f5500000,0x00000000f7380000)
 ParOldGen       total 179200K, used 98362K [0x00000000a1c00000, 0x00000000acb00000, 0x00000000e0980000)
  object space 179200K, 54% used [0x00000000a1c00000,0x00000000a7c0e9a0,0x00000000acb00000)
 Metaspace       used 35057K, capacity 35267K, committed 35456K, reserved 1081344K
  class space    used 4383K, capacity 4480K, committed 4480K, reserved 1048576K
Event: 41.162 GC heap after
Heap after GC invocations=20 (full 3):
 PSYoungGen      total 370688K, used 10934K [0x00000000e0980000, 0x00000000fce00000, 0x0000000100000000)
  eden space 339456K, 0% used [0x00000000e0980000,0x00000000e0980000,0x00000000f5500000)
  from space 31232K, 35% used [0x00000000f5500000,0x00000000f5fad9c8,0x00000000f7380000)
  to   space 30208K, 0% used [0x00000000fb080000,0x00000000fb080000,0x00000000fce00000)
 ParOldGen       total 179200K, used 100232K [0x00000000a1c00000, 0x00000000acb00000, 0x00000000e0980000)
  object space 179200K, 55% used [0x00000000a1c00000,0x00000000a7de23a8,0x00000000acb00000)
 Metaspace       used 35057K, capacity 35267K, committed 35456K, reserved 1081344K
  class space    used 4383K, capacity 4480K, committed 4480K, reserved 1048576K
}
Event: 44.457 GC heap before
{Heap before GC invocations=21 (full 3):
 PSYoungGen      total 370688K, used 350390K [0x00000000e0980000, 0x00000000fce00000, 0x0000000100000000)
  eden space 339456K, 100% used [0x00000000e0980000,0x00000000f5500000,0x00000000f5500000)
  from space 31232K, 35% used [0x00000000f5500000,0x00000000f5fad9c8,0x00000000f7380000)
  to   space 30208K, 0% used [0x00000000fb080000,0x00000000fb080000,0x00000000fce00000)
 ParOldGen       total 179200K, used 100232K [0x00000000a1c00000, 0x00000000acb00000, 0x00000000e0980000)
  object space 179200K, 55% used [0x00000000a1c00000,0x00000000a7de23a8,0x00000000acb00000)
 Metaspace       used 36029K, capacity 36201K, committed 36608K, reserved 1081344K
  class space    used 4465K, capacity 4513K, committed 4608K, reserved 1048576K
Event: 44.473 GC heap after
Heap after GC invocations=21 (full 3):
 PSYoungGen      total 392704K, used 15149K [0x00000000e0980000, 0x00000000fbf80000, 0x0000000100000000)
  eden space 377344K, 0% used [0x00000000e0980000,0x00000000e0980000,0x00000000f7a00000)
  from space 15360K, 98% used [0x00000000fb080000,0x00000000fbf4b5b0,0x00000000fbf80000)
  to   space 28672K, 0% used [0x00000000f8780000,0x00000000f8780000,0x00000000fa380000)
 ParOldGen       total 179200K, used 100240K [0x00000000a1c00000, 0x00000000acb00000, 0x00000000e0980000)
  object space 179200K, 55% used [0x00000000a1c00000,0x00000000a7de43a8,0x00000000acb00000)
 Metaspace       used 36029K, capacity 36201K, committed 36608K, reserved 1081344K
  class space    used 4465K, capacity 4513K, committed 4608K, reserved 1048576K
}
Event: 47.533 GC heap before
{Heap before GC invocations=22 (full 3):
 PSYoungGen      total 392704K, used 392493K [0x00000000e0980000, 0x00000000fbf80000, 0x0000000100000000)
  eden space 377344K, 100% used [0x00000000e0980000,0x00000000f7a00000,0x00000000f7a00000)
  from space 15360K, 98% used [0x00000000fb080000,0x00000000fbf4b5b0,0x00000000fbf80000)
  to   space 28672K, 0% used [0x00000000f8780000,0x00000000f8780000,0x00000000fa380000)
 ParOldGen       total 179200K, used 100240K [0x00000000a1c00000, 0x00000000acb00000, 0x00000000e0980000)
  object space 179200K, 55% used [0x00000000a1c00000,0x00000000a7de43a8,0x00000000acb00000)
 Metaspace       used 36054K, capacity 36265K, committed 36608K, reserved 1081344K
  class space    used 4465K, capacity 4513K, committed 4608K, reserved 1048576K
Event: 47.549 GC heap after
Heap after GC invocations=22 (full 3):
 PSYoungGen      total 419840K, used 15563K [0x00000000e0980000, 0x00000000fd500000, 0x0000000100000000)
  eden space 391168K, 0% used [0x00000000e0980000,0x00000000e0980000,0x00000000f8780000)
  from space 28672K, 54% used [0x00000000f8780000,0x00000000f96b2f70,0x00000000fa380000)
  to   space 27648K, 0% used [0x00000000fba00000,0x00000000fba00000,0x00000000fd500000)
 ParOldGen       total 179200K, used 100240K [0x00000000a1c00000, 0x00000000acb00000, 0x00000000e0980000)
  object space 179200K, 55% used [0x00000000a1c00000,0x00000000a7de43a8,0x00000000acb00000)
 Metaspace       used 36054K, capacity 36265K, committed 36608K, reserved 1081344K
  class space    used 4465K, capacity 4513K, committed 4608K, reserved 1048576K
}
Event: 52.233 GC heap before
{Heap before GC invocations=23 (full 3):
 PSYoungGen      total 419840K, used 406731K [0x00000000e0980000, 0x00000000fd500000, 0x0000000100000000)
  eden space 391168K, 100% used [0x00000000e0980000,0x00000000f8780000,0x00000000f8780000)
  from space 28672K, 54% used [0x00000000f8780000,0x00000000f96b2f70,0x00000000fa380000)
  to   space 27648K, 0% used [0x00000000fba00000,0x00000000fba00000,0x00000000fd500000)
 ParOldGen       total 179200K, used 100240K [0x00000000a1c00000, 0x00000000acb00000, 0x00000000e0980000)
  object space 179200K, 55% used [0x00000000a1c00000,0x00000000a7de43a8,0x00000000acb00000)
 Metaspace       used 36641K, capacity 36937K, committed 37248K, reserved 1081344K
  class space    used 4522K, capacity 4609K, committed 4736K, reserved 1048576K
Event: 52.282 GC heap after
Heap after GC invocations=23 (full 3):
 PSYoungGen      total 432640K, used 27622K [0x00000000e0980000, 0x00000000ff880000, 0x0000000100000000)
  eden space 404992K, 0% used [0x00000000e0980000,0x00000000e0980000,0x00000000f9500000)
  from space 27648K, 99% used [0x00000000fba00000,0x00000000fd4f9888,0x00000000fd500000)
  to   space 37888K, 0% used [0x00000000f9500000,0x00000000f9500000,0x00000000fba00000)
 ParOldGen       total 179200K, used 118063K [0x00000000a1c00000, 0x00000000acb00000, 0x00000000e0980000)
  object space 179200K, 65% used [0x00000000a1c00000,0x00000000a8f4be10,0x00000000acb00000)
 Metaspace       used 36641K, capacity 36937K, committed 37248K, reserved 1081344K
  class space    used 4522K, capacity 4609K, committed 4736K, reserved 1048576K
}

