# JRE version: Java(TM) SE Runtime Environment (8.0_25-b18) (build 1.8.0_25-b18)
# Java VM: Java HotSpot(TM) 64-Bit Server VM (25.25-b02 mixed mode windows-amd64 compressed oops)
Heap:
 PSYoungGen      total 427008K, used 277014K [0x00000000e0980000, 0x00000000fe900000, 0x0000000100000000)
  eden space 398848K, 62% used [0x00000000e0980000,0x00000000efc8b990,0x00000000f8f00000)
  from space 28160K, 99% used [0x00000000fb180000,0x00000000fccfa010,0x00000000fcd00000)
  to   space 35328K, 0% used [0x00000000f8f00000,0x00000000f8f00000,0x00000000fb180000)
 ParOldGen       total 179200K, used 109686K [0x00000000a1c00000, 0x00000000acb00000, 0x00000000e0980000)
  object space 179200K, 61% used [0x00000000a1c00000,0x00000000a871d8c0,0x00000000acb00000)
 Metaspace       used 38430K, capacity 38641K, committed 39040K, reserved 1083392K
  class space    used 4799K, capacity 4900K, committed 4992K, reserved 1048576K
GC Heap History (10 events):
Event: 25.075 GC heap before
{Heap before GC invocations=19 (full 3):
 PSYoungGen      total 354304K, used 22524K [0x00000000e0980000, 0x00000000f8e80000, 0x0000000100000000)
  eden space 331776K, 0% used [0x00000000e0980000,0x00000000e0980000,0x00000000f4d80000)
  from space 22528K, 99% used [0x00000000f6c80000,0x00000000f827f348,0x00000000f8280000)
  to   space 31744K, 0% used [0x00000000f4d80000,0x00000000f4d80000,0x00000000f6c80000)
 ParOldGen       total 98816K, used 90988K [0x00000000a1c00000, 0x00000000a7c80000, 0x00000000e0980000)
  object space 98816K, 92% used [0x00000000a1c00000,0x00000000a74db3c0,0x00000000a7c80000)
 Metaspace       used 31873K, capacity 32045K, committed 32256K, reserved 1077248K
  class space    used 3988K, capacity 4053K, committed 4096K, reserved 1048576K
Event: 25.648 GC heap after
Heap after GC invocations=19 (full 3):
 PSYoungGen      total 354304K, used 8567K [0x00000000e0980000, 0x00000000f8e80000, 0x0000000100000000)
  eden space 331776K, 0% used [0x00000000e0980000,0x00000000e0980000,0x00000000f4d80000)
  from space 22528K, 38% used [0x00000000f6c80000,0x00000000f74ddfa8,0x00000000f8280000)
  to   space 31744K, 0% used [0x00000000f4d80000,0x00000000f4d80000,0x00000000f6c80000)
 ParOldGen       total 179200K, used 98454K [0x00000000a1c00000, 0x00000000acb00000, 0x00000000e0980000)
  object space 179200K, 54% used [0x00000000a1c00000,0x00000000a7c25a50,0x00000000acb00000)
 Metaspace       used 31873K, capacity 32045K, committed 32256K, reserved 1077248K
  class space    used 3988K, capacity 4053K, committed 4096K, reserved 1048576K
}
Event: 46.498 GC heap before
{Heap before GC invocations=20 (full 3):
 PSYoungGen      total 354304K, used 340343K [0x00000000e0980000, 0x00000000f8e80000, 0x0000000100000000)
  eden space 331776K, 100% used [0x00000000e0980000,0x00000000f4d80000,0x00000000f4d80000)
  from space 22528K, 38% used [0x00000000f6c80000,0x00000000f74ddfa8,0x00000000f8280000)
  to   space 31744K, 0% used [0x00000000f4d80000,0x00000000f4d80000,0x00000000f6c80000)
 ParOldGen       total 179200K, used 98454K [0x00000000a1c00000, 0x00000000acb00000, 0x00000000e0980000)
  object space 179200K, 54% used [0x00000000a1c00000,0x00000000a7c25a50,0x00000000acb00000)
 Metaspace       used 35053K, capacity 35293K, committed 35712K, reserved 1081344K
  class space    used 4382K, capacity 4447K, committed 4480K, reserved 1048576K
Event: 46.529 GC heap after
Heap after GC invocations=20 (full 3):
 PSYoungGen      total 363520K, used 11530K [0x00000000e0980000, 0x00000000fc880000, 0x0000000100000000)
  eden space 331776K, 0% used [0x00000000e0980000,0x00000000e0980000,0x00000000f4d80000)
  from space 31744K, 36% used [0x00000000f4d80000,0x00000000f58c2a18,0x00000000f6c80000)
  to   space 30208K, 0% used [0x00000000fab00000,0x00000000fab00000,0x00000000fc880000)
 ParOldGen       total 179200K, used 100125K [0x00000000a1c00000, 0x00000000acb00000, 0x00000000e0980000)
  object space 179200K, 55% used [0x00000000a1c00000,0x00000000a7dc7518,0x00000000acb00000)
 Metaspace       used 35053K, capacity 35293K, committed 35712K, reserved 1081344K
  class space    used 4382K, capacity 4447K, committed 4480K, reserved 1048576K
}
Event: 52.425 GC heap before
{Heap before GC invocations=21 (full 3):
 PSYoungGen      total 363520K, used 343306K [0x00000000e0980000, 0x00000000fc880000, 0x0000000100000000)
  eden space 331776K, 100% used [0x00000000e0980000,0x00000000f4d80000,0x00000000f4d80000)
  from space 31744K, 36% used [0x00000000f4d80000,0x00000000f58c2a18,0x00000000f6c80000)
  to   space 30208K, 0% used [0x00000000fab00000,0x00000000fab00000,0x00000000fc880000)
 ParOldGen       total 179200K, used 100125K [0x00000000a1c00000, 0x00000000acb00000, 0x00000000e0980000)
  object space 179200K, 55% used [0x00000000a1c00000,0x00000000a7dc7518,0x00000000acb00000)
 Metaspace       used 36043K, capacity 36265K, committed 36608K, reserved 1081344K
  class space    used 4466K, capacity 4513K, committed 4608K, reserved 1048576K
Event: 52.445 GC heap after
Heap after GC invocations=21 (full 3):
 PSYoungGen      total 385024K, used 15167K [0x00000000e0980000, 0x00000000fba00000, 0x0000000100000000)
  eden space 369664K, 0% used [0x00000000e0980000,0x00000000e0980000,0x00000000f7280000)
  from space 15360K, 98% used [0x00000000fab00000,0x00000000fb9cfc80,0x00000000fba00000)
  to   space 29184K, 0% used [0x00000000f8100000,0x00000000f8100000,0x00000000f9d80000)
 ParOldGen       total 179200K, used 100133K [0x00000000a1c00000, 0x00000000acb00000, 0x00000000e0980000)
  object space 179200K, 55% used [0x00000000a1c00000,0x00000000a7dc9518,0x00000000acb00000)
 Metaspace       used 36043K, capacity 36265K, committed 36608K, reserved 1081344K
  class space    used 4466K, capacity 4513K, committed 4608K, reserved 1048576K
}
Event: 57.536 GC heap before
{Heap before GC invocations=22 (full 3):
 PSYoungGen      total 385024K, used 384831K [0x00000000e0980000, 0x00000000fba00000, 0x0000000100000000)
  eden space 369664K, 100% used [0x00000000e0980000,0x00000000f7280000,0x00000000f7280000)
  from space 15360K, 98% used [0x00000000fab00000,0x00000000fb9cfc80,0x00000000fba00000)
  to   space 29184K, 0% used [0x00000000f8100000,0x00000000f8100000,0x00000000f9d80000)
 ParOldGen       total 179200K, used 100133K [0x00000000a1c00000, 0x00000000acb00000, 0x00000000e0980000)
  object space 179200K, 55% used [0x00000000a1c00000,0x00000000a7dc9518,0x00000000acb00000)
 Metaspace       used 36063K, capacity 36329K, committed 36608K, reserved 1081344K
  class space    used 4466K, capacity 4513K, committed 4608K, reserved 1048576K
Event: 57.555 GC heap after
Heap after GC invocations=22 (full 3):
 PSYoungGen      total 413696K, used 16453K [0x00000000e0980000, 0x00000000fcd00000, 0x0000000100000000)
  eden space 384512K, 0% used [0x00000000e0980000,0x00000000e0980000,0x00000000f8100000)
  from space 29184K, 56% used [0x00000000f8100000,0x00000000f9111528,0x00000000f9d80000)
  to   space 28160K, 0% used [0x00000000fb180000,0x00000000fb180000,0x00000000fcd00000)
 ParOldGen       total 179200K, used 100141K [0x00000000a1c00000, 0x00000000acb00000, 0x00000000e0980000)
  object space 179200K, 55% used [0x00000000a1c00000,0x00000000a7dcb518,0x00000000acb00000)
 Metaspace       used 36063K, capacity 36329K, committed 36608K, reserved 1081344K
  class space    used 4466K, capacity 4513K, committed 4608K, reserved 1048576K
}
Event: 64.225 GC heap before
{Heap before GC invocations=23 (full 3):
 PSYoungGen      total 413696K, used 400965K [0x00000000e0980000, 0x00000000fcd00000, 0x0000000100000000)
  eden space 384512K, 100% used [0x00000000e0980000,0x00000000f8100000,0x00000000f8100000)
  from space 29184K, 56% used [0x00000000f8100000,0x00000000f9111528,0x00000000f9d80000)
  to   space 28160K, 0% used [0x00000000fb180000,0x00000000fb180000,0x00000000fcd00000)
 ParOldGen       total 179200K, used 100141K [0x00000000a1c00000, 0x00000000acb00000, 0x00000000e0980000)
  object space 179200K, 55% used [0x00000000a1c00000,0x00000000a7dcb518,0x00000000acb00000)
 Metaspace       used 36655K, capacity 36937K, committed 37248K, reserved 1081344K
  class space    used 4525K, capacity 4609K, committed 4736K, reserved 1048576K
Event: 64.274 GC heap after
Heap after GC invocations=23 (full 3):
 PSYoungGen      total 427008K, used 28136K [0x00000000e0980000, 0x00000000fe900000, 0x0000000100000000)
  eden space 398848K, 0% used [0x00000000e0980000,0x00000000e0980000,0x00000000f8f00000)
  from space 28160K, 99% used [0x00000000fb180000,0x00000000fccfa010,0x00000000fcd00000)
  to   space 35328K, 0% used [0x00000000f8f00000,0x00000000f8f00000,0x00000000fb180000)
 ParOldGen       total 179200K, used 109686K [0x00000000a1c00000, 0x00000000acb00000, 0x00000000e0980000)
  object space 179200K, 61% used [0x00000000a1c00000,0x00000000a871d8c0,0x00000000acb00000)
 Metaspace       used 36655K, capacity 36937K, committed 37248K, reserved 1081344K
  class space    used 4525K, capacity 4609K, committed 4736K, reserved 1048576K
}

