# JRE version: Java(TM) SE Runtime Environment (8.0_25-b18) (build 1.8.0_25-b18)
# Java VM: Java HotSpot(TM) 64-Bit Server VM (25.25-b02 mixed mode windows-amd64 compressed oops)
Heap:
 PSYoungGen      total 447488K, used 149342K [0x00000000e0980000, 0x0000000100000000, 0x0000000100000000)
  eden space 419328K, 28% used [0x00000000e0980000,0x00000000e7fdab40,0x00000000fa300000)
  from space 28160K, 99% used [0x00000000fc980000,0x00000000fe4fccd0,0x00000000fe500000)
  to   space 39424K, 0% used [0x00000000fa300000,0x00000000fa300000,0x00000000fc980000)
 ParOldGen       total 178176K, used 123235K [0x00000000a1c00000, 0x00000000aca00000, 0x00000000e0980000)
  object space 178176K, 69% used [0x00000000a1c00000,0x00000000a9458c08,0x00000000aca00000)
 Metaspace       used 37020K, capacity 37271K, committed 37632K, reserved 1081344K
  class space    used 4632K, capacity 4741K, committed 4864K, reserved 1048576K
GC Heap History (10 events):
Event: 26.758 GC heap before
{Heap before GC invocations=19 (full 3):
 PSYoungGen      total 376320K, used 23011K [0x00000000e0980000, 0x00000000fa280000, 0x0000000100000000)
  eden space 353280K, 0% used [0x00000000e0980000,0x00000000e0980000,0x00000000f6280000)
  from space 23040K, 99% used [0x00000000f8180000,0x00000000f97f8db8,0x00000000f9800000)
  to   space 31744K, 0% used [0x00000000f6280000,0x00000000f6280000,0x00000000f8180000)
 ParOldGen       total 98304K, used 89018K [0x00000000a1c00000, 0x00000000a7c00000, 0x00000000e0980000)
  object space 98304K, 90% used [0x00000000a1c00000,0x00000000a72eeac8,0x00000000a7c00000)
 Metaspace       used 31275K, capacity 31533K, committed 31744K, reserved 1077248K
  class space    used 3937K, capacity 4053K, committed 4096K, reserved 1048576K
Event: 27.346 GC heap after
Heap after GC invocations=19 (full 3):
 PSYoungGen      total 376320K, used 8007K [0x00000000e0980000, 0x00000000fa280000, 0x0000000100000000)
  eden space 353280K, 0% used [0x00000000e0980000,0x00000000e0980000,0x00000000f6280000)
  from space 23040K, 34% used [0x00000000f8180000,0x00000000f8951e20,0x00000000f9800000)
  to   space 31744K, 0% used [0x00000000f6280000,0x00000000f6280000,0x00000000f8180000)
 ParOldGen       total 178176K, used 97827K [0x00000000a1c00000, 0x00000000aca00000, 0x00000000e0980000)
  object space 178176K, 54% used [0x00000000a1c00000,0x00000000a7b88e28,0x00000000aca00000)
 Metaspace       used 31275K, capacity 31533K, committed 31744K, reserved 1077248K
  class space    used 3937K, capacity 4053K, committed 4096K, reserved 1048576K
}
Event: 40.109 GC heap before
{Heap before GC invocations=20 (full 3):
 PSYoungGen      total 376320K, used 361287K [0x00000000e0980000, 0x00000000fa280000, 0x0000000100000000)
  eden space 353280K, 100% used [0x00000000e0980000,0x00000000f6280000,0x00000000f6280000)
  from space 23040K, 34% used [0x00000000f8180000,0x00000000f8951e20,0x00000000f9800000)
  to   space 31744K, 0% used [0x00000000f6280000,0x00000000f6280000,0x00000000f8180000)
 ParOldGen       total 178176K, used 97827K [0x00000000a1c00000, 0x00000000aca00000, 0x00000000e0980000)
  object space 178176K, 54% used [0x00000000a1c00000,0x00000000a7b88e28,0x00000000aca00000)
 Metaspace       used 34004K, capacity 34205K, committed 34560K, reserved 1079296K
  class space    used 4264K, capacity 4319K, committed 4352K, reserved 1048576K
Event: 40.151 GC heap after
Heap after GC invocations=20 (full 3):
 PSYoungGen      total 385024K, used 10968K [0x00000000e0980000, 0x00000000fdf80000, 0x0000000100000000)
  eden space 353280K, 0% used [0x00000000e0980000,0x00000000e0980000,0x00000000f6280000)
  from space 31744K, 34% used [0x00000000f6280000,0x00000000f6d36268,0x00000000f8180000)
  to   space 30720K, 0% used [0x00000000fc180000,0x00000000fc180000,0x00000000fdf80000)
 ParOldGen       total 178176K, used 102376K [0x00000000a1c00000, 0x00000000aca00000, 0x00000000e0980000)
  object space 178176K, 57% used [0x00000000a1c00000,0x00000000a7ffa028,0x00000000aca00000)
 Metaspace       used 34004K, capacity 34205K, committed 34560K, reserved 1079296K
  class space    used 4264K, capacity 4319K, committed 4352K, reserved 1048576K
}
Event: 44.080 GC heap before
{Heap before GC invocations=21 (full 3):
 PSYoungGen      total 385024K, used 364248K [0x00000000e0980000, 0x00000000fdf80000, 0x0000000100000000)
  eden space 353280K, 100% used [0x00000000e0980000,0x00000000f6280000,0x00000000f6280000)
  from space 31744K, 34% used [0x00000000f6280000,0x00000000f6d36268,0x00000000f8180000)
  to   space 30720K, 0% used [0x00000000fc180000,0x00000000fc180000,0x00000000fdf80000)
 ParOldGen       total 178176K, used 102376K [0x00000000a1c00000, 0x00000000aca00000, 0x00000000e0980000)
  object space 178176K, 57% used [0x00000000a1c00000,0x00000000a7ffa028,0x00000000aca00000)
 Metaspace       used 34572K, capacity 34825K, committed 35200K, reserved 1079296K
  class space    used 4301K, capacity 4353K, committed 4480K, reserved 1048576K
Event: 44.099 GC heap after
Heap after GC invocations=21 (full 3):
 PSYoungGen      total 406528K, used 13991K [0x00000000e0980000, 0x00000000fcf80000, 0x0000000100000000)
  eden space 392192K, 0% used [0x00000000e0980000,0x00000000e0980000,0x00000000f8880000)
  from space 14336K, 97% used [0x00000000fc180000,0x00000000fcf29cd8,0x00000000fcf80000)
  to   space 29184K, 0% used [0x00000000f9680000,0x00000000f9680000,0x00000000fb300000)
 ParOldGen       total 178176K, used 102384K [0x00000000a1c00000, 0x00000000aca00000, 0x00000000e0980000)
  object space 178176K, 57% used [0x00000000a1c00000,0x00000000a7ffc028,0x00000000aca00000)
 Metaspace       used 34572K, capacity 34825K, committed 35200K, reserved 1079296K
  class space    used 4301K, capacity 4353K, committed 4480K, reserved 1048576K
}
Event: 47.421 GC heap before
{Heap before GC invocations=22 (full 3):
 PSYoungGen      total 406528K, used 406183K [0x00000000e0980000, 0x00000000fcf80000, 0x0000000100000000)
  eden space 392192K, 100% used [0x00000000e0980000,0x00000000f8880000,0x00000000f8880000)
  from space 14336K, 97% used [0x00000000fc180000,0x00000000fcf29cd8,0x00000000fcf80000)
  to   space 29184K, 0% used [0x00000000f9680000,0x00000000f9680000,0x00000000fb300000)
 ParOldGen       total 178176K, used 102384K [0x00000000a1c00000, 0x00000000aca00000, 0x00000000e0980000)
  object space 178176K, 57% used [0x00000000a1c00000,0x00000000a7ffc028,0x00000000aca00000)
 Metaspace       used 34595K, capacity 34825K, committed 35200K, reserved 1079296K
  class space    used 4301K, capacity 4353K, committed 4480K, reserved 1048576K
Event: 47.438 GC heap after
Heap after GC invocations=22 (full 3):
 PSYoungGen      total 435712K, used 15588K [0x00000000e0980000, 0x00000000fe500000, 0x0000000100000000)
  eden space 406528K, 0% used [0x00000000e0980000,0x00000000e0980000,0x00000000f9680000)
  from space 29184K, 53% used [0x00000000f9680000,0x00000000fa5b9088,0x00000000fb300000)
  to   space 28160K, 0% used [0x00000000fc980000,0x00000000fc980000,0x00000000fe500000)
 ParOldGen       total 178176K, used 102392K [0x00000000a1c00000, 0x00000000aca00000, 0x00000000e0980000)
  object space 178176K, 57% used [0x00000000a1c00000,0x00000000a7ffe028,0x00000000aca00000)
 Metaspace       used 34595K, capacity 34825K, committed 35200K, reserved 1079296K
  class space    used 4301K, capacity 4353K, committed 4480K, reserved 1048576K
}
Event: 52.535 GC heap before
{Heap before GC invocations=23 (full 3):
 PSYoungGen      total 435712K, used 422116K [0x00000000e0980000, 0x00000000fe500000, 0x0000000100000000)
  eden space 406528K, 100% used [0x00000000e0980000,0x00000000f9680000,0x00000000f9680000)
  from space 29184K, 53% used [0x00000000f9680000,0x00000000fa5b9088,0x00000000fb300000)
  to   space 28160K, 0% used [0x00000000fc980000,0x00000000fc980000,0x00000000fe500000)
 ParOldGen       total 178176K, used 102392K [0x00000000a1c00000, 0x00000000aca00000, 0x00000000e0980000)
  object space 178176K, 57% used [0x00000000a1c00000,0x00000000a7ffe028,0x00000000aca00000)
 Metaspace       used 35995K, capacity 36265K, committed 36608K, reserved 1081344K
  class space    used 4461K, capacity 4577K, committed 4608K, reserved 1048576K
Event: 52.614 GC heap after
Heap after GC invocations=23 (full 3):
 PSYoungGen      total 447488K, used 28147K [0x00000000e0980000, 0x0000000100000000, 0x0000000100000000)
  eden space 419328K, 0% used [0x00000000e0980000,0x00000000e0980000,0x00000000fa300000)
  from space 28160K, 99% used [0x00000000fc980000,0x00000000fe4fccd0,0x00000000fe500000)
  to   space 39424K, 0% used [0x00000000fa300000,0x00000000fa300000,0x00000000fc980000)
 ParOldGen       total 178176K, used 123235K [0x00000000a1c00000, 0x00000000aca00000, 0x00000000e0980000)
  object space 178176K, 69% used [0x00000000a1c00000,0x00000000a9458c08,0x00000000aca00000)
 Metaspace       used 35995K, capacity 36265K, committed 36608K, reserved 1081344K
  class space    used 4461K, capacity 4577K, committed 4608K, reserved 1048576K
}

